<?xml version="1.0" encoding="UTF-8"?>
<testsuite name="com.example.graphqlkotlin.GraphqlKotlinApplicationTests" tests="1" skipped="0" failures="0" errors="0" timestamp="2025-06-28T08:27:47" hostname="THI-NGUYEN-ROG" time="0.74">
  <properties/>
  <testcase name="contextLoads()" classname="com.example.graphqlkotlin.GraphqlKotlinApplicationTests" time="0.74"/>
  <system-out><![CDATA[15:27:45.260 [Test worker] INFO org.springframework.test.context.support.AnnotationConfigContextLoaderUtils -- Could not detect default configuration classes for test class [com.example.graphqlkotlin.GraphqlKotlinApplicationTests]: GraphqlKotlinApplicationTests does not declare any static, non-private, non-final, nested classes annotated with @Configuration.
15:27:45.415 [Test worker] INFO org.springframework.boot.test.context.SpringBootTestContextBootstrapper -- Found @SpringBootConfiguration com.example.graphqlkotlin.GraphqlKotlinApplication for test class com.example.graphqlkotlin.GraphqlKotlinApplicationTests

  .   ____          _            __ _ _
 /\\ / ___'_ __ _ _(_)_ __  __ _ \ \ \ \
( ( )\___ | '_ | '_| | '_ \/ _` | \ \ \ \
 \\/  ___)| |_)| | | | | || (_| |  ) ) ) )
  '  |____| .__|_| |_|_| |_\__, | / / / /
 =========|_|==============|___/=/_/_/_/
 :: Spring Boot ::                (v3.2.0)

2025-06-28T15:27:45.922+07:00  INFO 24048 --- [    Test worker] c.e.g.GraphqlKotlinApplicationTests      : Starting GraphqlKotlinApplicationTests using Java 17.0.13 with PID 24048 (started by anhth in C:\Users\anhth\OneDrive\Desktop\exper-projects\graphql-kotlin)
2025-06-28T15:27:45.924+07:00  INFO 24048 --- [    Test worker] c.e.g.GraphqlKotlinApplicationTests      : No active profile set, falling back to 1 default profile: "default"
2025-06-28T15:27:47.198+07:00 DEBUG 24048 --- [    Test worker] a.s.AnnotatedControllerExceptionResolver : @GraphQlException methods in ControllerAdvice beans: none
2025-06-28T15:27:47.353+07:00  INFO 24048 --- [    Test worker] efaultSchemaResourceGraphQlSourceBuilder : Loaded 1 resource(s) in the GraphQL schema.
2025-06-28T15:27:47.354+07:00 DEBUG 24048 --- [    Test worker] efaultSchemaResourceGraphQlSourceBuilder : Loaded GraphQL schema resources: (file [C:\Users\anhth\OneDrive\Desktop\exper-projects\graphql-kotlin\build\resources\main\graphql\schema.graphqls])
2025-06-28T15:27:47.740+07:00  INFO 24048 --- [    Test worker] o.s.b.a.g.GraphQlAutoConfiguration       : GraphQL schema inspection:
	Unmapped fields: {}
	Unmapped registrations: {}
	Skipped types: []
2025-06-28T15:27:47.757+07:00  INFO 24048 --- [    Test worker] s.b.a.g.s.GraphQlWebMvcAutoConfiguration : GraphQL endpoint HTTP POST /graphql
2025-06-28T15:27:47.892+07:00  INFO 24048 --- [    Test worker] c.e.g.GraphqlKotlinApplicationTests      : Started GraphqlKotlinApplicationTests in 2.267 seconds (process running for 3.567)
]]></system-out>
  <system-err><![CDATA[]]></system-err>
</testsuite>
